<?xml version="1.0" encoding="UTF-8"?>
<testsuite xmlns:xsi="http://www.w3.org/2001/XMLSchema-instance" xsi:noNamespaceSchemaLocation="https://maven.apache.org/surefire/maven-surefire-plugin/xsd/surefire-test-report-3.0.xsd" version="3.0" name="com.ronaldo.core.AngramCheckTest" time="0.039" tests="7" errors="0" skipped="0" failures="0">
  <properties>
    <property name="java.specification.version" value="17"/>
    <property name="sun.jnu.encoding" value="UTF-8"/>
    <property name="java.class.path" value="/Users/ronaldosanto/Documents/angramsCheck/target/test-classes:/Users/ronaldosanto/Documents/angramsCheck/target/classes:/Users/ronaldosanto/.m2/repository/org/apache/maven/plugins/maven-compiler-plugin/3.10.1/maven-compiler-plugin-3.10.1.jar:/Users/ronaldosanto/.m2/repository/org/apache/maven/shared/maven-shared-utils/3.3.4/maven-shared-utils-3.3.4.jar:/Users/ronaldosanto/.m2/repository/org/apache/maven/shared/maven-shared-incremental/1.1/maven-shared-incremental-1.1.jar:/Users/ronaldosanto/.m2/repository/org/codehaus/plexus/plexus-component-annotations/1.5.5/plexus-component-annotations-1.5.5.jar:/Users/ronaldosanto/.m2/repository/org/codehaus/plexus/plexus-java/1.1.1/plexus-java-1.1.1.jar:/Users/ronaldosanto/.m2/repository/com/thoughtworks/qdox/qdox/2.0.1/qdox-2.0.1.jar:/Users/ronaldosanto/.m2/repository/org/codehaus/plexus/plexus-compiler-api/2.11.1/plexus-compiler-api-2.11.1.jar:/Users/ronaldosanto/.m2/repository/org/codehaus/plexus/plexus-compiler-manager/2.11.1/plexus-compiler-manager-2.11.1.jar:/Users/ronaldosanto/.m2/repository/org/codehaus/plexus/plexus-compiler-javac/2.11.1/plexus-compiler-javac-2.11.1.jar:/Users/ronaldosanto/.m2/repository/org/junit/jupiter/junit-jupiter-api/5.10.0/junit-jupiter-api-5.10.0.jar:/Users/ronaldosanto/.m2/repository/org/opentest4j/opentest4j/1.3.0/opentest4j-1.3.0.jar:/Users/ronaldosanto/.m2/repository/org/junit/platform/junit-platform-commons/1.10.0/junit-platform-commons-1.10.0.jar:/Users/ronaldosanto/.m2/repository/org/apiguardian/apiguardian-api/1.1.2/apiguardian-api-1.1.2.jar:/Users/ronaldosanto/.m2/repository/com/github/spotbugs/spotbugs-maven-plugin/4.7.3.5/spotbugs-maven-plugin-4.7.3.5.jar:/Users/ronaldosanto/.m2/repository/com/github/spotbugs/spotbugs/4.7.3/spotbugs-4.7.3.jar:/Users/ronaldosanto/.m2/repository/net/jcip/jcip-annotations/1.0/jcip-annotations-1.0.jar:/Users/ronaldosanto/.m2/repository/org/dom4j/dom4j/2.1.3/dom4j-2.1.3.jar:/Users/ronaldosanto/.m2/repository/org/apache/commons/commons-text/1.10.0/commons-text-1.10.0.jar:/Users/ronaldosanto/.m2/repository/com/github/spotbugs/spotbugs-annotations/4.7.3/spotbugs-annotations-4.7.3.jar:/Users/ronaldosanto/.m2/repository/net/sf/saxon/Saxon-HE/11.4/Saxon-HE-11.4.jar:/Users/ronaldosanto/.m2/repository/org/xmlresolver/xmlresolver/4.4.3/xmlresolver-4.4.3.jar:/Users/ronaldosanto/.m2/repository/org/apache/httpcomponents/client5/httpclient5/5.1.3/httpclient5-5.1.3.jar:/Users/ronaldosanto/.m2/repository/org/apache/httpcomponents/core5/httpcore5-h2/5.1.3/httpcore5-h2-5.1.3.jar:/Users/ronaldosanto/.m2/repository/org/apache/httpcomponents/core5/httpcore5/5.1.3/httpcore5-5.1.3.jar:/Users/ronaldosanto/.m2/repository/xml-apis/xml-apis/1.4.01/xml-apis-1.4.01.jar:/Users/ronaldosanto/.m2/repository/org/xmlresolver/xmlresolver/4.4.3/xmlresolver-4.4.3-data.jar:/Users/ronaldosanto/.m2/repository/org/apache/logging/log4j/log4j-core/2.19.0/log4j-core-2.19.0.jar:/Users/ronaldosanto/.m2/repository/org/apache/logging/log4j/log4j-api/2.19.0/log4j-api-2.19.0.jar:/Users/ronaldosanto/.m2/repository/org/slf4j/jcl-over-slf4j/2.0.7/jcl-over-slf4j-2.0.7.jar:/Users/ronaldosanto/.m2/repository/org/slf4j/slf4j-api/2.0.7/slf4j-api-2.0.7.jar:/Users/ronaldosanto/.m2/repository/org/slf4j/slf4j-simple/2.0.7/slf4j-simple-2.0.7.jar:/Users/ronaldosanto/.m2/repository/org/ow2/asm/asm/9.5/asm-9.5.jar:/Users/ronaldosanto/.m2/repository/org/ow2/asm/asm-analysis/9.5/asm-analysis-9.5.jar:/Users/ronaldosanto/.m2/repository/org/ow2/asm/asm-commons/9.5/asm-commons-9.5.jar:/Users/ronaldosanto/.m2/repository/org/ow2/asm/asm-tree/9.5/asm-tree-9.5.jar:/Users/ronaldosanto/.m2/repository/org/ow2/asm/asm-util/9.5/asm-util-9.5.jar:/Users/ronaldosanto/.m2/repository/org/apache/bcel/bcel/6.6.1/bcel-6.6.1.jar:/Users/ronaldosanto/.m2/repository/com/google/code/gson/gson/2.10.1/gson-2.10.1.jar:/Users/ronaldosanto/.m2/repository/org/apache/ant/ant/1.10.13/ant-1.10.13.jar:/Users/ronaldosanto/.m2/repository/org/apache/ant/ant-launcher/1.10.13/ant-launcher-1.10.13.jar:/Users/ronaldosanto/.m2/repository/org/apache/groovy/groovy/4.0.12/groovy-4.0.12.jar:/Users/ronaldosanto/.m2/repository/org/apache/groovy/groovy-ant/4.0.12/groovy-ant-4.0.12.jar:/Users/ronaldosanto/.m2/repository/org/apache/groovy/groovy-groovydoc/4.0.12/groovy-groovydoc-4.0.12.jar:/Users/ronaldosanto/.m2/repository/org/apache/groovy/groovy-dateutil/4.0.12/groovy-dateutil-4.0.12.jar:/Users/ronaldosanto/.m2/repository/org/apache/groovy/groovy-docgenerator/4.0.12/groovy-docgenerator-4.0.12.jar:/Users/ronaldosanto/.m2/repository/org/apache/groovy/groovy-json/4.0.12/groovy-json-4.0.12.jar:/Users/ronaldosanto/.m2/repository/org/apache/groovy/groovy-templates/4.0.12/groovy-templates-4.0.12.jar:/Users/ronaldosanto/.m2/repository/org/apache/groovy/groovy-xml/4.0.12/groovy-xml-4.0.12.jar:/Users/ronaldosanto/.m2/repository/com/github/javaparser/javaparser-core/3.25.3/javaparser-core-3.25.3.jar:/Users/ronaldosanto/.m2/repository/com/google/guava/guava/32.0.1-jre/guava-32.0.1-jre.jar:/Users/ronaldosanto/.m2/repository/com/google/guava/failureaccess/1.0.1/failureaccess-1.0.1.jar:/Users/ronaldosanto/.m2/repository/com/google/guava/listenablefuture/9999.0-empty-to-avoid-conflict-with-guava/listenablefuture-9999.0-empty-to-avoid-conflict-with-guava.jar:/Users/ronaldosanto/.m2/repository/com/google/code/findbugs/jsr305/3.0.2/jsr305-3.0.2.jar:/Users/ronaldosanto/.m2/repository/org/checkerframework/checker-qual/3.33.0/checker-qual-3.33.0.jar:/Users/ronaldosanto/.m2/repository/com/google/errorprone/error_prone_annotations/2.18.0/error_prone_annotations-2.18.0.jar:/Users/ronaldosanto/.m2/repository/com/google/j2objc/j2objc-annotations/2.8/j2objc-annotations-2.8.jar:/Users/ronaldosanto/.m2/repository/jaxen/jaxen/2.0.0/jaxen-2.0.0.jar:/Users/ronaldosanto/.m2/repository/org/apache/maven/reporting/maven-reporting-impl/3.2.0/maven-reporting-impl-3.2.0.jar:/Users/ronaldosanto/.m2/repository/org/apache/maven/maven-core/3.1.0/maven-core-3.1.0.jar:/Users/ronaldosanto/.m2/repository/org/apache/maven/maven-settings/3.1.0/maven-settings-3.1.0.jar:/Users/ronaldosanto/.m2/repository/org/apache/maven/maven-settings-builder/3.1.0/maven-settings-builder-3.1.0.jar:/Users/ronaldosanto/.m2/repository/org/apache/maven/maven-repository-metadata/3.1.0/maven-repository-metadata-3.1.0.jar:/Users/ronaldosanto/.m2/repository/org/apache/maven/maven-model-builder/3.1.0/maven-model-builder-3.1.0.jar:/Users/ronaldosanto/.m2/repository/org/apache/maven/maven-aether-provider/3.1.0/maven-aether-provider-3.1.0.jar:/Users/ronaldosanto/.m2/repository/org/eclipse/aether/aether-spi/0.9.0.M2/aether-spi-0.9.0.M2.jar:/Users/ronaldosanto/.m2/repository/org/eclipse/aether/aether-impl/0.9.0.M2/aether-impl-0.9.0.M2.jar:/Users/ronaldosanto/.m2/repository/org/eclipse/aether/aether-api/0.9.0.M2/aether-api-0.9.0.M2.jar:/Users/ronaldosanto/.m2/repository/org/eclipse/aether/aether-util/0.9.0.M2/aether-util-0.9.0.M2.jar:/Users/ronaldosanto/.m2/repository/org/eclipse/sisu/org.eclipse.sisu.plexus/0.0.0.M2a/org.eclipse.sisu.plexus-0.0.0.M2a.jar:/Users/ronaldosanto/.m2/repository/javax/enterprise/cdi-api/1.0/cdi-api-1.0.jar:/Users/ronaldosanto/.m2/repository/javax/annotation/jsr250-api/1.0/jsr250-api-1.0.jar:/Users/ronaldosanto/.m2/repository/org/sonatype/sisu/sisu-guice/3.1.0/sisu-guice-3.1.0-no_aop.jar:/Users/ronaldosanto/.m2/repository/aopalliance/aopalliance/1.0/aopalliance-1.0.jar:/Users/ronaldosanto/.m2/repository/org/eclipse/sisu/org.eclipse.sisu.inject/0.0.0.M2a/org.eclipse.sisu.inject-0.0.0.M2a.jar:/Users/ronaldosanto/.m2/repository/asm/asm/3.3.1/asm-3.3.1.jar:/Users/ronaldosanto/.m2/repository/org/codehaus/plexus/plexus-classworlds/2.4.2/plexus-classworlds-2.4.2.jar:/Users/ronaldosanto/.m2/repository/org/sonatype/plexus/plexus-sec-dispatcher/1.3/plexus-sec-dispatcher-1.3.jar:/Users/ronaldosanto/.m2/repository/org/sonatype/plexus/plexus-cipher/1.4/plexus-cipher-1.4.jar:/Users/ronaldosanto/.m2/repository/org/apache/maven/maven-artifact/3.1.0/maven-artifact-3.1.0.jar:/Users/ronaldosanto/.m2/repository/org/apache/maven/maven-plugin-api/3.1.0/maven-plugin-api-3.1.0.jar:/Users/ronaldosanto/.m2/repository/org/apache/maven/reporting/maven-reporting-api/3.1.1/maven-reporting-api-3.1.1.jar:/Users/ronaldosanto/.m2/repository/org/apache/maven/shared/maven-artifact-transfer/0.13.1/maven-artifact-transfer-0.13.1.jar:/Users/ronaldosanto/.m2/repository/org/apache/maven/shared/maven-common-artifact-filters/3.3.2/maven-common-artifact-filters-3.3.2.jar:/Users/ronaldosanto/.m2/repository/org/apache/maven/doxia/doxia-core/1.12.0/doxia-core-1.12.0.jar:/Users/ronaldosanto/.m2/repository/org/apache/maven/doxia/doxia-logging-api/1.12.0/doxia-logging-api-1.12.0.jar:/Users/ronaldosanto/.m2/repository/org/apache/httpcomponents/httpclient/4.5.13/httpclient-4.5.13.jar:/Users/ronaldosanto/.m2/repository/org/apache/httpcomponents/httpcore/4.4.14/httpcore-4.4.14.jar:/Users/ronaldosanto/.m2/repository/org/apache/maven/doxia/doxia-sink-api/1.12.0/doxia-sink-api-1.12.0.jar:/Users/ronaldosanto/.m2/repository/org/apache/maven/doxia/doxia-decoration-model/1.11.1/doxia-decoration-model-1.11.1.jar:/Users/ronaldosanto/.m2/repository/org/apache/maven/doxia/doxia-site-renderer/1.11.1/doxia-site-renderer-1.11.1.jar:/Users/ronaldosanto/.m2/repository/org/apache/maven/doxia/doxia-skin-model/1.11.1/doxia-skin-model-1.11.1.jar:/Users/ronaldosanto/.m2/repository/org/apache/maven/doxia/doxia-module-xhtml/1.11.1/doxia-module-xhtml-1.11.1.jar:/Users/ronaldosanto/.m2/repository/org/apache/maven/doxia/doxia-module-xhtml5/1.11.1/doxia-module-xhtml5-1.11.1.jar:/Users/ronaldosanto/.m2/repository/org/codehaus/plexus/plexus-i18n/1.0-beta-10/plexus-i18n-1.0-beta-10.jar:/Users/ronaldosanto/.m2/repository/org/codehaus/plexus/plexus-velocity/1.2/plexus-velocity-1.2.jar:/Users/ronaldosanto/.m2/repository/org/apache/velocity/velocity/1.7/velocity-1.7.jar:/Users/ronaldosanto/.m2/repository/org/apache/velocity/velocity-tools/2.0/velocity-tools-2.0.jar:/Users/ronaldosanto/.m2/repository/oro/oro/2.0.8/oro-2.0.8.jar:/Users/ronaldosanto/.m2/repository/org/apache/maven/doxia/doxia-integration-tools/1.11.1/doxia-integration-tools-1.11.1.jar:/Users/ronaldosanto/.m2/repository/org/apache/maven/maven-model/2.2.1/maven-model-2.2.1.jar:/Users/ronaldosanto/.m2/repository/org/codehaus/plexus/plexus-interpolation/1.26/plexus-interpolation-1.26.jar:/Users/ronaldosanto/.m2/repository/commons-beanutils/commons-beanutils/1.9.4/commons-beanutils-1.9.4.jar:/Users/ronaldosanto/.m2/repository/commons-chain/commons-chain/1.2/commons-chain-1.2.jar:/Users/ronaldosanto/.m2/repository/commons-codec/commons-codec/1.15/commons-codec-1.15.jar:/Users/ronaldosanto/.m2/repository/commons-collections/commons-collections/3.2.2/commons-collections-3.2.2.jar:/Users/ronaldosanto/.m2/repository/commons-digester/commons-digester/2.1/commons-digester-2.1.jar:/Users/ronaldosanto/.m2/repository/commons-io/commons-io/2.13.0/commons-io-2.13.0.jar:/Users/ronaldosanto/.m2/repository/commons-lang/commons-lang/2.6/commons-lang-2.6.jar:/Users/ronaldosanto/.m2/repository/org/apache/commons/commons-lang3/3.12.0/commons-lang3-3.12.0.jar:/Users/ronaldosanto/.m2/repository/org/codehaus/plexus/plexus-resources/1.2.0/plexus-resources-1.2.0.jar:/Users/ronaldosanto/.m2/repository/javax/inject/javax.inject/1/javax.inject-1.jar:/Users/ronaldosanto/.m2/repository/org/codehaus/plexus/plexus-utils/3.5.1/plexus-utils-3.5.1.jar:"/>
    <property name="java.vm.vendor" value="Eclipse Adoptium"/>
    <property name="sun.arch.data.model" value="64"/>
    <property name="java.vendor.url" value="https://adoptium.net/"/>
    <property name="os.name" value="Mac OS X"/>
    <property name="java.vm.specification.version" value="17"/>
    <property name="sun.java.launcher" value="SUN_STANDARD"/>
    <property name="user.country" value="PT"/>
    <property name="sun.boot.library.path" value="/Library/Java/JavaVirtualMachines/temurin-17.jdk/Contents/Home/lib"/>
    <property name="sun.java.command" value="/Users/ronaldosanto/Documents/angramsCheck/target/surefire/surefirebooter376454164252749759.jar /Users/ronaldosanto/Documents/angramsCheck/target/surefire 2023-08-30T07-26-19_516-jvmRun1 surefire7805268181697955266tmp surefire_0604542975080912718tmp"/>
    <property name="http.nonProxyHosts" value="local|*.local|169.254/16|*.169.254/16"/>
    <property name="jdk.debug" value="release"/>
    <property name="surefire.test.class.path" value="/Users/ronaldosanto/Documents/angramsCheck/target/test-classes:/Users/ronaldosanto/Documents/angramsCheck/target/classes:/Users/ronaldosanto/.m2/repository/org/apache/maven/plugins/maven-compiler-plugin/3.10.1/maven-compiler-plugin-3.10.1.jar:/Users/ronaldosanto/.m2/repository/org/apache/maven/shared/maven-shared-utils/3.3.4/maven-shared-utils-3.3.4.jar:/Users/ronaldosanto/.m2/repository/org/apache/maven/shared/maven-shared-incremental/1.1/maven-shared-incremental-1.1.jar:/Users/ronaldosanto/.m2/repository/org/codehaus/plexus/plexus-component-annotations/1.5.5/plexus-component-annotations-1.5.5.jar:/Users/ronaldosanto/.m2/repository/org/codehaus/plexus/plexus-java/1.1.1/plexus-java-1.1.1.jar:/Users/ronaldosanto/.m2/repository/com/thoughtworks/qdox/qdox/2.0.1/qdox-2.0.1.jar:/Users/ronaldosanto/.m2/repository/org/codehaus/plexus/plexus-compiler-api/2.11.1/plexus-compiler-api-2.11.1.jar:/Users/ronaldosanto/.m2/repository/org/codehaus/plexus/plexus-compiler-manager/2.11.1/plexus-compiler-manager-2.11.1.jar:/Users/ronaldosanto/.m2/repository/org/codehaus/plexus/plexus-compiler-javac/2.11.1/plexus-compiler-javac-2.11.1.jar:/Users/ronaldosanto/.m2/repository/org/junit/jupiter/junit-jupiter-api/5.10.0/junit-jupiter-api-5.10.0.jar:/Users/ronaldosanto/.m2/repository/org/opentest4j/opentest4j/1.3.0/opentest4j-1.3.0.jar:/Users/ronaldosanto/.m2/repository/org/junit/platform/junit-platform-commons/1.10.0/junit-platform-commons-1.10.0.jar:/Users/ronaldosanto/.m2/repository/org/apiguardian/apiguardian-api/1.1.2/apiguardian-api-1.1.2.jar:/Users/ronaldosanto/.m2/repository/com/github/spotbugs/spotbugs-maven-plugin/4.7.3.5/spotbugs-maven-plugin-4.7.3.5.jar:/Users/ronaldosanto/.m2/repository/com/github/spotbugs/spotbugs/4.7.3/spotbugs-4.7.3.jar:/Users/ronaldosanto/.m2/repository/net/jcip/jcip-annotations/1.0/jcip-annotations-1.0.jar:/Users/ronaldosanto/.m2/repository/org/dom4j/dom4j/2.1.3/dom4j-2.1.3.jar:/Users/ronaldosanto/.m2/repository/org/apache/commons/commons-text/1.10.0/commons-text-1.10.0.jar:/Users/ronaldosanto/.m2/repository/com/github/spotbugs/spotbugs-annotations/4.7.3/spotbugs-annotations-4.7.3.jar:/Users/ronaldosanto/.m2/repository/net/sf/saxon/Saxon-HE/11.4/Saxon-HE-11.4.jar:/Users/ronaldosanto/.m2/repository/org/xmlresolver/xmlresolver/4.4.3/xmlresolver-4.4.3.jar:/Users/ronaldosanto/.m2/repository/org/apache/httpcomponents/client5/httpclient5/5.1.3/httpclient5-5.1.3.jar:/Users/ronaldosanto/.m2/repository/org/apache/httpcomponents/core5/httpcore5-h2/5.1.3/httpcore5-h2-5.1.3.jar:/Users/ronaldosanto/.m2/repository/org/apache/httpcomponents/core5/httpcore5/5.1.3/httpcore5-5.1.3.jar:/Users/ronaldosanto/.m2/repository/xml-apis/xml-apis/1.4.01/xml-apis-1.4.01.jar:/Users/ronaldosanto/.m2/repository/org/xmlresolver/xmlresolver/4.4.3/xmlresolver-4.4.3-data.jar:/Users/ronaldosanto/.m2/repository/org/apache/logging/log4j/log4j-core/2.19.0/log4j-core-2.19.0.jar:/Users/ronaldosanto/.m2/repository/org/apache/logging/log4j/log4j-api/2.19.0/log4j-api-2.19.0.jar:/Users/ronaldosanto/.m2/repository/org/slf4j/jcl-over-slf4j/2.0.7/jcl-over-slf4j-2.0.7.jar:/Users/ronaldosanto/.m2/repository/org/slf4j/slf4j-api/2.0.7/slf4j-api-2.0.7.jar:/Users/ronaldosanto/.m2/repository/org/slf4j/slf4j-simple/2.0.7/slf4j-simple-2.0.7.jar:/Users/ronaldosanto/.m2/repository/org/ow2/asm/asm/9.5/asm-9.5.jar:/Users/ronaldosanto/.m2/repository/org/ow2/asm/asm-analysis/9.5/asm-analysis-9.5.jar:/Users/ronaldosanto/.m2/repository/org/ow2/asm/asm-commons/9.5/asm-commons-9.5.jar:/Users/ronaldosanto/.m2/repository/org/ow2/asm/asm-tree/9.5/asm-tree-9.5.jar:/Users/ronaldosanto/.m2/repository/org/ow2/asm/asm-util/9.5/asm-util-9.5.jar:/Users/ronaldosanto/.m2/repository/org/apache/bcel/bcel/6.6.1/bcel-6.6.1.jar:/Users/ronaldosanto/.m2/repository/com/google/code/gson/gson/2.10.1/gson-2.10.1.jar:/Users/ronaldosanto/.m2/repository/org/apache/ant/ant/1.10.13/ant-1.10.13.jar:/Users/ronaldosanto/.m2/repository/org/apache/ant/ant-launcher/1.10.13/ant-launcher-1.10.13.jar:/Users/ronaldosanto/.m2/repository/org/apache/groovy/groovy/4.0.12/groovy-4.0.12.jar:/Users/ronaldosanto/.m2/repository/org/apache/groovy/groovy-ant/4.0.12/groovy-ant-4.0.12.jar:/Users/ronaldosanto/.m2/repository/org/apache/groovy/groovy-groovydoc/4.0.12/groovy-groovydoc-4.0.12.jar:/Users/ronaldosanto/.m2/repository/org/apache/groovy/groovy-dateutil/4.0.12/groovy-dateutil-4.0.12.jar:/Users/ronaldosanto/.m2/repository/org/apache/groovy/groovy-docgenerator/4.0.12/groovy-docgenerator-4.0.12.jar:/Users/ronaldosanto/.m2/repository/org/apache/groovy/groovy-json/4.0.12/groovy-json-4.0.12.jar:/Users/ronaldosanto/.m2/repository/org/apache/groovy/groovy-templates/4.0.12/groovy-templates-4.0.12.jar:/Users/ronaldosanto/.m2/repository/org/apache/groovy/groovy-xml/4.0.12/groovy-xml-4.0.12.jar:/Users/ronaldosanto/.m2/repository/com/github/javaparser/javaparser-core/3.25.3/javaparser-core-3.25.3.jar:/Users/ronaldosanto/.m2/repository/com/google/guava/guava/32.0.1-jre/guava-32.0.1-jre.jar:/Users/ronaldosanto/.m2/repository/com/google/guava/failureaccess/1.0.1/failureaccess-1.0.1.jar:/Users/ronaldosanto/.m2/repository/com/google/guava/listenablefuture/9999.0-empty-to-avoid-conflict-with-guava/listenablefuture-9999.0-empty-to-avoid-conflict-with-guava.jar:/Users/ronaldosanto/.m2/repository/com/google/code/findbugs/jsr305/3.0.2/jsr305-3.0.2.jar:/Users/ronaldosanto/.m2/repository/org/checkerframework/checker-qual/3.33.0/checker-qual-3.33.0.jar:/Users/ronaldosanto/.m2/repository/com/google/errorprone/error_prone_annotations/2.18.0/error_prone_annotations-2.18.0.jar:/Users/ronaldosanto/.m2/repository/com/google/j2objc/j2objc-annotations/2.8/j2objc-annotations-2.8.jar:/Users/ronaldosanto/.m2/repository/jaxen/jaxen/2.0.0/jaxen-2.0.0.jar:/Users/ronaldosanto/.m2/repository/org/apache/maven/reporting/maven-reporting-impl/3.2.0/maven-reporting-impl-3.2.0.jar:/Users/ronaldosanto/.m2/repository/org/apache/maven/maven-core/3.1.0/maven-core-3.1.0.jar:/Users/ronaldosanto/.m2/repository/org/apache/maven/maven-settings/3.1.0/maven-settings-3.1.0.jar:/Users/ronaldosanto/.m2/repository/org/apache/maven/maven-settings-builder/3.1.0/maven-settings-builder-3.1.0.jar:/Users/ronaldosanto/.m2/repository/org/apache/maven/maven-repository-metadata/3.1.0/maven-repository-metadata-3.1.0.jar:/Users/ronaldosanto/.m2/repository/org/apache/maven/maven-model-builder/3.1.0/maven-model-builder-3.1.0.jar:/Users/ronaldosanto/.m2/repository/org/apache/maven/maven-aether-provider/3.1.0/maven-aether-provider-3.1.0.jar:/Users/ronaldosanto/.m2/repository/org/eclipse/aether/aether-spi/0.9.0.M2/aether-spi-0.9.0.M2.jar:/Users/ronaldosanto/.m2/repository/org/eclipse/aether/aether-impl/0.9.0.M2/aether-impl-0.9.0.M2.jar:/Users/ronaldosanto/.m2/repository/org/eclipse/aether/aether-api/0.9.0.M2/aether-api-0.9.0.M2.jar:/Users/ronaldosanto/.m2/repository/org/eclipse/aether/aether-util/0.9.0.M2/aether-util-0.9.0.M2.jar:/Users/ronaldosanto/.m2/repository/org/eclipse/sisu/org.eclipse.sisu.plexus/0.0.0.M2a/org.eclipse.sisu.plexus-0.0.0.M2a.jar:/Users/ronaldosanto/.m2/repository/javax/enterprise/cdi-api/1.0/cdi-api-1.0.jar:/Users/ronaldosanto/.m2/repository/javax/annotation/jsr250-api/1.0/jsr250-api-1.0.jar:/Users/ronaldosanto/.m2/repository/org/sonatype/sisu/sisu-guice/3.1.0/sisu-guice-3.1.0-no_aop.jar:/Users/ronaldosanto/.m2/repository/aopalliance/aopalliance/1.0/aopalliance-1.0.jar:/Users/ronaldosanto/.m2/repository/org/eclipse/sisu/org.eclipse.sisu.inject/0.0.0.M2a/org.eclipse.sisu.inject-0.0.0.M2a.jar:/Users/ronaldosanto/.m2/repository/asm/asm/3.3.1/asm-3.3.1.jar:/Users/ronaldosanto/.m2/repository/org/codehaus/plexus/plexus-classworlds/2.4.2/plexus-classworlds-2.4.2.jar:/Users/ronaldosanto/.m2/repository/org/sonatype/plexus/plexus-sec-dispatcher/1.3/plexus-sec-dispatcher-1.3.jar:/Users/ronaldosanto/.m2/repository/org/sonatype/plexus/plexus-cipher/1.4/plexus-cipher-1.4.jar:/Users/ronaldosanto/.m2/repository/org/apache/maven/maven-artifact/3.1.0/maven-artifact-3.1.0.jar:/Users/ronaldosanto/.m2/repository/org/apache/maven/maven-plugin-api/3.1.0/maven-plugin-api-3.1.0.jar:/Users/ronaldosanto/.m2/repository/org/apache/maven/reporting/maven-reporting-api/3.1.1/maven-reporting-api-3.1.1.jar:/Users/ronaldosanto/.m2/repository/org/apache/maven/shared/maven-artifact-transfer/0.13.1/maven-artifact-transfer-0.13.1.jar:/Users/ronaldosanto/.m2/repository/org/apache/maven/shared/maven-common-artifact-filters/3.3.2/maven-common-artifact-filters-3.3.2.jar:/Users/ronaldosanto/.m2/repository/org/apache/maven/doxia/doxia-core/1.12.0/doxia-core-1.12.0.jar:/Users/ronaldosanto/.m2/repository/org/apache/maven/doxia/doxia-logging-api/1.12.0/doxia-logging-api-1.12.0.jar:/Users/ronaldosanto/.m2/repository/org/apache/httpcomponents/httpclient/4.5.13/httpclient-4.5.13.jar:/Users/ronaldosanto/.m2/repository/org/apache/httpcomponents/httpcore/4.4.14/httpcore-4.4.14.jar:/Users/ronaldosanto/.m2/repository/org/apache/maven/doxia/doxia-sink-api/1.12.0/doxia-sink-api-1.12.0.jar:/Users/ronaldosanto/.m2/repository/org/apache/maven/doxia/doxia-decoration-model/1.11.1/doxia-decoration-model-1.11.1.jar:/Users/ronaldosanto/.m2/repository/org/apache/maven/doxia/doxia-site-renderer/1.11.1/doxia-site-renderer-1.11.1.jar:/Users/ronaldosanto/.m2/repository/org/apache/maven/doxia/doxia-skin-model/1.11.1/doxia-skin-model-1.11.1.jar:/Users/ronaldosanto/.m2/repository/org/apache/maven/doxia/doxia-module-xhtml/1.11.1/doxia-module-xhtml-1.11.1.jar:/Users/ronaldosanto/.m2/repository/org/apache/maven/doxia/doxia-module-xhtml5/1.11.1/doxia-module-xhtml5-1.11.1.jar:/Users/ronaldosanto/.m2/repository/org/codehaus/plexus/plexus-i18n/1.0-beta-10/plexus-i18n-1.0-beta-10.jar:/Users/ronaldosanto/.m2/repository/org/codehaus/plexus/plexus-velocity/1.2/plexus-velocity-1.2.jar:/Users/ronaldosanto/.m2/repository/org/apache/velocity/velocity/1.7/velocity-1.7.jar:/Users/ronaldosanto/.m2/repository/org/apache/velocity/velocity-tools/2.0/velocity-tools-2.0.jar:/Users/ronaldosanto/.m2/repository/oro/oro/2.0.8/oro-2.0.8.jar:/Users/ronaldosanto/.m2/repository/org/apache/maven/doxia/doxia-integration-tools/1.11.1/doxia-integration-tools-1.11.1.jar:/Users/ronaldosanto/.m2/repository/org/apache/maven/maven-model/2.2.1/maven-model-2.2.1.jar:/Users/ronaldosanto/.m2/repository/org/codehaus/plexus/plexus-interpolation/1.26/plexus-interpolation-1.26.jar:/Users/ronaldosanto/.m2/repository/commons-beanutils/commons-beanutils/1.9.4/commons-beanutils-1.9.4.jar:/Users/ronaldosanto/.m2/repository/commons-chain/commons-chain/1.2/commons-chain-1.2.jar:/Users/ronaldosanto/.m2/repository/commons-codec/commons-codec/1.15/commons-codec-1.15.jar:/Users/ronaldosanto/.m2/repository/commons-collections/commons-collections/3.2.2/commons-collections-3.2.2.jar:/Users/ronaldosanto/.m2/repository/commons-digester/commons-digester/2.1/commons-digester-2.1.jar:/Users/ronaldosanto/.m2/repository/commons-io/commons-io/2.13.0/commons-io-2.13.0.jar:/Users/ronaldosanto/.m2/repository/commons-lang/commons-lang/2.6/commons-lang-2.6.jar:/Users/ronaldosanto/.m2/repository/org/apache/commons/commons-lang3/3.12.0/commons-lang3-3.12.0.jar:/Users/ronaldosanto/.m2/repository/org/codehaus/plexus/plexus-resources/1.2.0/plexus-resources-1.2.0.jar:/Users/ronaldosanto/.m2/repository/javax/inject/javax.inject/1/javax.inject-1.jar:/Users/ronaldosanto/.m2/repository/org/codehaus/plexus/plexus-utils/3.5.1/plexus-utils-3.5.1.jar:"/>
    <property name="sun.cpu.endian" value="little"/>
    <property name="user.home" value="/Users/ronaldosanto"/>
    <property name="user.language" value="en"/>
    <property name="java.specification.vendor" value="Oracle Corporation"/>
    <property name="java.version.date" value="2023-01-17"/>
    <property name="java.home" value="/Library/Java/JavaVirtualMachines/temurin-17.jdk/Contents/Home"/>
    <property name="file.separator" value="/"/>
    <property name="basedir" value="/Users/ronaldosanto/Documents/angramsCheck"/>
    <property name="java.vm.compressedOopsMode" value="Zero based"/>
    <property name="line.separator" value="&#10;"/>
    <property name="java.specification.name" value="Java Platform API Specification"/>
    <property name="java.vm.specification.vendor" value="Oracle Corporation"/>
    <property name="surefire.real.class.path" value="/Users/ronaldosanto/Documents/angramsCheck/target/surefire/surefirebooter376454164252749759.jar"/>
    <property name="sun.management.compiler" value="HotSpot 64-Bit Tiered Compilers"/>
    <property name="ftp.nonProxyHosts" value="local|*.local|169.254/16|*.169.254/16"/>
    <property name="java.runtime.version" value="17.0.6+10"/>
    <property name="user.name" value="ronaldosanto"/>
    <property name="path.separator" value=":"/>
    <property name="os.version" value="13.4.1"/>
    <property name="java.runtime.name" value="OpenJDK Runtime Environment"/>
    <property name="file.encoding" value="UTF-8"/>
    <property name="java.vm.name" value="OpenJDK 64-Bit Server VM"/>
    <property name="java.vendor.version" value="Temurin-17.0.6+10"/>
    <property name="localRepository" value="/Users/ronaldosanto/.m2/repository"/>
    <property name="java.vendor.url.bug" value="https://github.com/adoptium/adoptium-support/issues"/>
    <property name="java.io.tmpdir" value="/var/folders/j5/_khkb7zs5y71gjh32qfvcrkw0000gn/T/"/>
    <property name="java.version" value="17.0.6"/>
    <property name="user.dir" value="/Users/ronaldosanto/Documents/angramsCheck"/>
    <property name="os.arch" value="aarch64"/>
    <property name="java.vm.specification.name" value="Java Virtual Machine Specification"/>
    <property name="native.encoding" value="UTF-8"/>
    <property name="java.library.path" value="/Users/ronaldosanto/Library/Java/Extensions:/Library/Java/Extensions:/Network/Library/Java/Extensions:/System/Library/Java/Extensions:/usr/lib/java:."/>
    <property name="java.vm.info" value="mixed mode"/>
    <property name="java.vendor" value="Eclipse Adoptium"/>
    <property name="java.vm.version" value="17.0.6+10"/>
    <property name="sun.io.unicode.encoding" value="UnicodeBig"/>
    <property name="socksNonProxyHosts" value="local|*.local|169.254/16|*.169.254/16"/>
    <property name="java.class.version" value="61.0"/>
  </properties>
  <testcase name="shouldReturnFalseWhenTwoDifferentsLenghtGiven" classname="com.ronaldo.core.AngramCheckTest" time="0.018"/>
  <testcase name="shouldReturnFalseWhenOnlyHasSpacesInSecondValue" classname="com.ronaldo.core.AngramCheckTest" time="0"/>
  <testcase name="shouldReturnFalseWhenOnlySpacesGiven" classname="com.ronaldo.core.AngramCheckTest" time="0.001"/>
  <testcase name="shouldReturnErrorWhenValueIsNull" classname="com.ronaldo.core.AngramCheckTest" time="0.002"/>
  <testcase name="shouldReturnTrueWhenTwoAngramsGiven" classname="com.ronaldo.core.AngramCheckTest" time="0.001"/>
  <testcase name="shouldReturnFalseWhenSpecialCharGiven" classname="com.ronaldo.core.AngramCheckTest" time="0"/>
  <testcase name="shouldReturnTrueWhenTwoAnagramsSentencesGiven" classname="com.ronaldo.core.AngramCheckTest" time="0.001"/>
</testsuite>